Arguments: 
  /usr/bin/node /usr/bin/yarn add react-native-material-bottom-navitation

PATH: 
  /usr/local/sbin:/usr/local/bin:/usr/bin:/usr/lib/jvm/default/bin:/usr/bin/site_perl:/usr/bin/vendor_perl:/usr/bin/core_perl:/opt/sdk/emulator:/opt/sdk/tools:/opt/sdk/tools/bin:/opt/sdk/platform-tools:/opt/sdk/emulator:/opt/sdk/tools:/opt/sdk/tools/bin:/opt/sdk/platform-tools

Yarn version: 
  1.17.3

Node version: 
  11.15.0

Platform: 
  linux x64

Trace: 
  Error: https://registry.yarnpkg.com/react-native-material-bottom-navitation: Not found
      at Request.params.callback [as _callback] (/usr/lib/node_modules/yarn/lib/cli.js:66830:18)
      at Request.self.callback (/usr/lib/node_modules/yarn/lib/cli.js:140464:22)
      at Request.emit (events.js:193:13)
      at Request.<anonymous> (/usr/lib/node_modules/yarn/lib/cli.js:141436:10)
      at Request.emit (events.js:193:13)
      at IncomingMessage.<anonymous> (/usr/lib/node_modules/yarn/lib/cli.js:141358:12)
      at Object.onceWrapper (events.js:281:20)
      at IncomingMessage.emit (events.js:198:15)
      at endReadableNT (_stream_readable.js:1139:12)
      at processTicksAndRejections (internal/process/task_queues.js:81:17)

npm manifest: 
  {
    "name": "restojs",
    "version": "0.0.1",
    "private": true,
    "scripts": {
      "start": "react-native start",
      "test": "jest",
      "lint": "eslint ."
    },
    "dependencies": {
      "react": "16.8.6",
      "react-native": "0.60.4"
    },
    "devDependencies": {
      "@babel/core": "7.5.5",
      "@babel/runtime": "7.5.5",
      "@react-native-community/eslint-config": "0.0.3",
      "babel-jest": "24.8.0",
      "eslint": "6.1.0",
      "jest": "24.8.0",
      "metro-react-native-babel-preset": "0.54.1",
      "react-test-renderer": "16.8.6"
    },
    "jest": {
      "preset": "react-native"
    }
  }

yarn manifest: 
  No manifest

Lockfile: 
  No lockfile
